2023-07-10 18:26:20,041 - __main__ - INFO - Running elt_flow()...
2023-07-10 18:26:20,042 - __main__ - INFO - Getting data from 20230709T0000 to now
2023-07-10 18:26:21,166 - __main__ - INFO - Completed elt_flow()...
2023-07-10 18:27:12,011 - __main__ - INFO - Running elt_flow()...
2023-07-10 18:27:12,011 - __main__ - INFO - Getting data from 20230709T0000 to 2023-07-10
2023-07-10 18:27:13,165 - __main__ - INFO - Completed elt_flow()...
2023-07-10 18:28:45,988 - __main__ - INFO - Running elt_flow()...
2023-07-10 18:28:45,989 - __main__ - INFO - Getting data from 20230709T0000 to now
2023-07-10 18:28:46,058 - __main__ - INFO - Running get_sentiment_data()...
2023-07-10 18:28:47,139 - __main__ - INFO - Completed get_sentiment_data()...
2023-07-10 18:28:47,165 - __main__ - INFO - Completed elt_flow()...
2023-07-24 16:35:20,148 - __main__ - INFO - Running elt_flow()...
2023-07-24 16:35:20,157 - __main__ - INFO - Getting data from 20230723T0000 to now
2023-07-24 16:35:20,227 - __main__ - INFO - Running get_sentiment_data()...
2023-07-24 16:35:21,271 - __main__ - INFO - Completed get_sentiment_data()...
2023-07-24 16:35:21,314 - __main__ - INFO - Completed elt_flow()...
2023-07-24 16:35:56,913 - __main__ - INFO - Running elt_flow()...
2023-07-24 16:35:56,914 - __main__ - INFO - Getting data from 20230723T0000 to now
2023-07-24 16:35:56,983 - __main__ - INFO - Running get_sentiment_data()...
2023-07-24 16:36:00,360 - __main__ - INFO - Completed get_sentiment_data()...
2023-07-24 16:36:00,473 - __main__ - INFO - Completed elt_flow()...
2023-07-24 16:45:10,609 - __main__ - INFO - Running elt_flow()...
2023-07-24 16:45:10,609 - __main__ - INFO - Getting data from 20230723T0000 to now
2023-07-24 16:45:10,678 - __main__ - INFO - Running get_sentiment_data()...
2023-07-24 16:45:12,804 - __main__ - INFO - Completed get_sentiment_data()...
2023-07-24 16:45:12,914 - __main__ - INFO - Completed elt_flow()...
2023-07-24 16:45:23,140 - __main__ - INFO - Running elt_flow()...
2023-07-24 16:45:23,141 - __main__ - INFO - Getting data from 20230723T0000 to now
2023-07-24 16:45:23,208 - __main__ - INFO - Running get_sentiment_data()...
2023-07-24 16:45:25,217 - __main__ - INFO - Completed get_sentiment_data()...
